<?xml version="1.0" encoding="UTF-8"?>
<testsuite xmlns:xsi="http://www.w3.org/2001/XMLSchema-instance" xsi:noNamespaceSchemaLocation="https://maven.apache.org/surefire/maven-surefire-plugin/xsd/surefire-test-report.xsd" name="com.example.demo.DemoApplicationTests" time="2.942" tests="1" errors="0" skipped="0" failures="0">
  <properties>
    <property name="sun.desktop" value="windows"/>
    <property name="awt.toolkit" value="sun.awt.windows.WToolkit"/>
    <property name="file.encoding.pkg" value="sun.io"/>
    <property name="java.specification.version" value="1.8"/>
    <property name="sun.cpu.isalist" value="amd64"/>
    <property name="sun.jnu.encoding" value="GBK"/>
    <property name="java.class.path" value="G:\project\demo\target\test-classes;G:\project\demo\target\classes;G:\apache-maven-3.5.2\repo\org\springframework\boot\spring-boot-starter-thymeleaf\2.2.5.RELEASE\spring-boot-starter-thymeleaf-2.2.5.RELEASE.jar;G:\apache-maven-3.5.2\repo\org\springframework\boot\spring-boot-starter\2.2.5.RELEASE\spring-boot-starter-2.2.5.RELEASE.jar;G:\apache-maven-3.5.2\repo\org\springframework\boot\spring-boot\2.2.5.RELEASE\spring-boot-2.2.5.RELEASE.jar;G:\apache-maven-3.5.2\repo\org\springframework\boot\spring-boot-autoconfigure\2.2.5.RELEASE\spring-boot-autoconfigure-2.2.5.RELEASE.jar;G:\apache-maven-3.5.2\repo\org\springframework\boot\spring-boot-starter-logging\2.2.5.RELEASE\spring-boot-starter-logging-2.2.5.RELEASE.jar;G:\apache-maven-3.5.2\repo\ch\qos\logback\logback-classic\1.2.3\logback-classic-1.2.3.jar;G:\apache-maven-3.5.2\repo\ch\qos\logback\logback-core\1.2.3\logback-core-1.2.3.jar;G:\apache-maven-3.5.2\repo\org\apache\logging\log4j\log4j-to-slf4j\2.12.1\log4j-to-slf4j-2.12.1.jar;G:\apache-maven-3.5.2\repo\org\apache\logging\log4j\log4j-api\2.12.1\log4j-api-2.12.1.jar;G:\apache-maven-3.5.2\repo\org\slf4j\jul-to-slf4j\1.7.30\jul-to-slf4j-1.7.30.jar;G:\apache-maven-3.5.2\repo\jakarta\annotation\jakarta.annotation-api\1.3.5\jakarta.annotation-api-1.3.5.jar;G:\apache-maven-3.5.2\repo\org\yaml\snakeyaml\1.25\snakeyaml-1.25.jar;G:\apache-maven-3.5.2\repo\org\thymeleaf\thymeleaf-spring5\3.0.11.RELEASE\thymeleaf-spring5-3.0.11.RELEASE.jar;G:\apache-maven-3.5.2\repo\org\thymeleaf\thymeleaf\3.0.11.RELEASE\thymeleaf-3.0.11.RELEASE.jar;G:\apache-maven-3.5.2\repo\org\attoparser\attoparser\2.0.5.RELEASE\attoparser-2.0.5.RELEASE.jar;G:\apache-maven-3.5.2\repo\org\unbescape\unbescape\1.1.6.RELEASE\unbescape-1.1.6.RELEASE.jar;G:\apache-maven-3.5.2\repo\org\slf4j\slf4j-api\1.7.30\slf4j-api-1.7.30.jar;G:\apache-maven-3.5.2\repo\org\thymeleaf\extras\thymeleaf-extras-java8time\3.0.4.RELEASE\thymeleaf-extras-java8time-3.0.4.RELEASE.jar;G:\apache-maven-3.5.2\repo\org\springframework\boot\spring-boot-starter-web\2.2.5.RELEASE\spring-boot-starter-web-2.2.5.RELEASE.jar;G:\apache-maven-3.5.2\repo\org\springframework\boot\spring-boot-starter-json\2.2.5.RELEASE\spring-boot-starter-json-2.2.5.RELEASE.jar;G:\apache-maven-3.5.2\repo\com\fasterxml\jackson\core\jackson-databind\2.10.2\jackson-databind-2.10.2.jar;G:\apache-maven-3.5.2\repo\com\fasterxml\jackson\core\jackson-annotations\2.10.2\jackson-annotations-2.10.2.jar;G:\apache-maven-3.5.2\repo\com\fasterxml\jackson\core\jackson-core\2.10.2\jackson-core-2.10.2.jar;G:\apache-maven-3.5.2\repo\com\fasterxml\jackson\datatype\jackson-datatype-jdk8\2.10.2\jackson-datatype-jdk8-2.10.2.jar;G:\apache-maven-3.5.2\repo\com\fasterxml\jackson\datatype\jackson-datatype-jsr310\2.10.2\jackson-datatype-jsr310-2.10.2.jar;G:\apache-maven-3.5.2\repo\com\fasterxml\jackson\module\jackson-module-parameter-names\2.10.2\jackson-module-parameter-names-2.10.2.jar;G:\apache-maven-3.5.2\repo\org\springframework\boot\spring-boot-starter-tomcat\2.2.5.RELEASE\spring-boot-starter-tomcat-2.2.5.RELEASE.jar;G:\apache-maven-3.5.2\repo\org\apache\tomcat\embed\tomcat-embed-core\9.0.31\tomcat-embed-core-9.0.31.jar;G:\apache-maven-3.5.2\repo\org\apache\tomcat\embed\tomcat-embed-el\9.0.31\tomcat-embed-el-9.0.31.jar;G:\apache-maven-3.5.2\repo\org\apache\tomcat\embed\tomcat-embed-websocket\9.0.31\tomcat-embed-websocket-9.0.31.jar;G:\apache-maven-3.5.2\repo\org\springframework\boot\spring-boot-starter-validation\2.2.5.RELEASE\spring-boot-starter-validation-2.2.5.RELEASE.jar;G:\apache-maven-3.5.2\repo\jakarta\validation\jakarta.validation-api\2.0.2\jakarta.validation-api-2.0.2.jar;G:\apache-maven-3.5.2\repo\org\hibernate\validator\hibernate-validator\6.0.18.Final\hibernate-validator-6.0.18.Final.jar;G:\apache-maven-3.5.2\repo\org\jboss\logging\jboss-logging\3.4.1.Final\jboss-logging-3.4.1.Final.jar;G:\apache-maven-3.5.2\repo\com\fasterxml\classmate\1.5.1\classmate-1.5.1.jar;G:\apache-maven-3.5.2\repo\org\springframework\spring-web\5.2.4.RELEASE\spring-web-5.2.4.RELEASE.jar;G:\apache-maven-3.5.2\repo\org\springframework\spring-beans\5.2.4.RELEASE\spring-beans-5.2.4.RELEASE.jar;G:\apache-maven-3.5.2\repo\org\springframework\spring-webmvc\5.2.4.RELEASE\spring-webmvc-5.2.4.RELEASE.jar;G:\apache-maven-3.5.2\repo\org\springframework\spring-aop\5.2.4.RELEASE\spring-aop-5.2.4.RELEASE.jar;G:\apache-maven-3.5.2\repo\org\springframework\spring-context\5.2.4.RELEASE\spring-context-5.2.4.RELEASE.jar;G:\apache-maven-3.5.2\repo\org\springframework\spring-expression\5.2.4.RELEASE\spring-expression-5.2.4.RELEASE.jar;G:\apache-maven-3.5.2\repo\org\springframework\session\spring-session-core\2.2.1.RELEASE\spring-session-core-2.2.1.RELEASE.jar;G:\apache-maven-3.5.2\repo\org\springframework\spring-jcl\5.2.4.RELEASE\spring-jcl-5.2.4.RELEASE.jar;G:\apache-maven-3.5.2\repo\org\springframework\boot\spring-boot-starter-test\2.2.5.RELEASE\spring-boot-starter-test-2.2.5.RELEASE.jar;G:\apache-maven-3.5.2\repo\org\springframework\boot\spring-boot-test\2.2.5.RELEASE\spring-boot-test-2.2.5.RELEASE.jar;G:\apache-maven-3.5.2\repo\org\springframework\boot\spring-boot-test-autoconfigure\2.2.5.RELEASE\spring-boot-test-autoconfigure-2.2.5.RELEASE.jar;G:\apache-maven-3.5.2\repo\com\jayway\jsonpath\json-path\2.4.0\json-path-2.4.0.jar;G:\apache-maven-3.5.2\repo\net\minidev\json-smart\2.3\json-smart-2.3.jar;G:\apache-maven-3.5.2\repo\net\minidev\accessors-smart\1.2\accessors-smart-1.2.jar;G:\apache-maven-3.5.2\repo\org\ow2\asm\asm\5.0.4\asm-5.0.4.jar;G:\apache-maven-3.5.2\repo\jakarta\xml\bind\jakarta.xml.bind-api\2.3.2\jakarta.xml.bind-api-2.3.2.jar;G:\apache-maven-3.5.2\repo\jakarta\activation\jakarta.activation-api\1.2.2\jakarta.activation-api-1.2.2.jar;G:\apache-maven-3.5.2\repo\org\junit\jupiter\junit-jupiter\5.5.2\junit-jupiter-5.5.2.jar;G:\apache-maven-3.5.2\repo\org\junit\jupiter\junit-jupiter-api\5.5.2\junit-jupiter-api-5.5.2.jar;G:\apache-maven-3.5.2\repo\org\apiguardian\apiguardian-api\1.1.0\apiguardian-api-1.1.0.jar;G:\apache-maven-3.5.2\repo\org\opentest4j\opentest4j\1.2.0\opentest4j-1.2.0.jar;G:\apache-maven-3.5.2\repo\org\junit\platform\junit-platform-commons\1.5.2\junit-platform-commons-1.5.2.jar;G:\apache-maven-3.5.2\repo\org\junit\jupiter\junit-jupiter-params\5.5.2\junit-jupiter-params-5.5.2.jar;G:\apache-maven-3.5.2\repo\org\junit\jupiter\junit-jupiter-engine\5.5.2\junit-jupiter-engine-5.5.2.jar;G:\apache-maven-3.5.2\repo\org\junit\platform\junit-platform-engine\1.5.2\junit-platform-engine-1.5.2.jar;G:\apache-maven-3.5.2\repo\org\mockito\mockito-junit-jupiter\3.1.0\mockito-junit-jupiter-3.1.0.jar;G:\apache-maven-3.5.2\repo\org\assertj\assertj-core\3.13.2\assertj-core-3.13.2.jar;G:\apache-maven-3.5.2\repo\org\hamcrest\hamcrest\2.1\hamcrest-2.1.jar;G:\apache-maven-3.5.2\repo\org\mockito\mockito-core\3.1.0\mockito-core-3.1.0.jar;G:\apache-maven-3.5.2\repo\net\bytebuddy\byte-buddy\1.10.8\byte-buddy-1.10.8.jar;G:\apache-maven-3.5.2\repo\net\bytebuddy\byte-buddy-agent\1.10.8\byte-buddy-agent-1.10.8.jar;G:\apache-maven-3.5.2\repo\org\objenesis\objenesis\2.6\objenesis-2.6.jar;G:\apache-maven-3.5.2\repo\org\skyscreamer\jsonassert\1.5.0\jsonassert-1.5.0.jar;G:\apache-maven-3.5.2\repo\com\vaadin\external\google\android-json\0.0.20131108.vaadin1\android-json-0.0.20131108.vaadin1.jar;G:\apache-maven-3.5.2\repo\org\springframework\spring-core\5.2.4.RELEASE\spring-core-5.2.4.RELEASE.jar;G:\apache-maven-3.5.2\repo\org\springframework\spring-test\5.2.4.RELEASE\spring-test-5.2.4.RELEASE.jar;G:\apache-maven-3.5.2\repo\org\xmlunit\xmlunit-core\2.6.3\xmlunit-core-2.6.3.jar;"/>
    <property name="java.vm.vendor" value="Oracle Corporation"/>
    <property name="sun.arch.data.model" value="64"/>
    <property name="user.variant" value=""/>
    <property name="java.vendor.url" value="http://java.oracle.com/"/>
    <property name="user.timezone" value="Asia/Shanghai"/>
    <property name="java.vm.specification.version" value="1.8"/>
    <property name="os.name" value="Windows 8.1"/>
    <property name="user.country" value="CN"/>
    <property name="sun.java.launcher" value="SUN_STANDARD"/>
    <property name="sun.boot.library.path" value="C:\Program Files\Java\jdk1.8.0\jre\bin"/>
    <property name="sun.java.command" value="C:\Users\lenovo\AppData\Local\Temp\surefire5919372173627246453\surefirebooter7068400152406971583.jar C:\Users\lenovo\AppData\Local\Temp\surefire5919372173627246453 2020-03-11T17-33-58_329-jvmRun1 surefire6792936746330783808tmp surefire_06064403439063034319tmp"/>
    <property name="surefire.test.class.path" value="G:\project\demo\target\test-classes;G:\project\demo\target\classes;G:\apache-maven-3.5.2\repo\org\springframework\boot\spring-boot-starter-thymeleaf\2.2.5.RELEASE\spring-boot-starter-thymeleaf-2.2.5.RELEASE.jar;G:\apache-maven-3.5.2\repo\org\springframework\boot\spring-boot-starter\2.2.5.RELEASE\spring-boot-starter-2.2.5.RELEASE.jar;G:\apache-maven-3.5.2\repo\org\springframework\boot\spring-boot\2.2.5.RELEASE\spring-boot-2.2.5.RELEASE.jar;G:\apache-maven-3.5.2\repo\org\springframework\boot\spring-boot-autoconfigure\2.2.5.RELEASE\spring-boot-autoconfigure-2.2.5.RELEASE.jar;G:\apache-maven-3.5.2\repo\org\springframework\boot\spring-boot-starter-logging\2.2.5.RELEASE\spring-boot-starter-logging-2.2.5.RELEASE.jar;G:\apache-maven-3.5.2\repo\ch\qos\logback\logback-classic\1.2.3\logback-classic-1.2.3.jar;G:\apache-maven-3.5.2\repo\ch\qos\logback\logback-core\1.2.3\logback-core-1.2.3.jar;G:\apache-maven-3.5.2\repo\org\apache\logging\log4j\log4j-to-slf4j\2.12.1\log4j-to-slf4j-2.12.1.jar;G:\apache-maven-3.5.2\repo\org\apache\logging\log4j\log4j-api\2.12.1\log4j-api-2.12.1.jar;G:\apache-maven-3.5.2\repo\org\slf4j\jul-to-slf4j\1.7.30\jul-to-slf4j-1.7.30.jar;G:\apache-maven-3.5.2\repo\jakarta\annotation\jakarta.annotation-api\1.3.5\jakarta.annotation-api-1.3.5.jar;G:\apache-maven-3.5.2\repo\org\yaml\snakeyaml\1.25\snakeyaml-1.25.jar;G:\apache-maven-3.5.2\repo\org\thymeleaf\thymeleaf-spring5\3.0.11.RELEASE\thymeleaf-spring5-3.0.11.RELEASE.jar;G:\apache-maven-3.5.2\repo\org\thymeleaf\thymeleaf\3.0.11.RELEASE\thymeleaf-3.0.11.RELEASE.jar;G:\apache-maven-3.5.2\repo\org\attoparser\attoparser\2.0.5.RELEASE\attoparser-2.0.5.RELEASE.jar;G:\apache-maven-3.5.2\repo\org\unbescape\unbescape\1.1.6.RELEASE\unbescape-1.1.6.RELEASE.jar;G:\apache-maven-3.5.2\repo\org\slf4j\slf4j-api\1.7.30\slf4j-api-1.7.30.jar;G:\apache-maven-3.5.2\repo\org\thymeleaf\extras\thymeleaf-extras-java8time\3.0.4.RELEASE\thymeleaf-extras-java8time-3.0.4.RELEASE.jar;G:\apache-maven-3.5.2\repo\org\springframework\boot\spring-boot-starter-web\2.2.5.RELEASE\spring-boot-starter-web-2.2.5.RELEASE.jar;G:\apache-maven-3.5.2\repo\org\springframework\boot\spring-boot-starter-json\2.2.5.RELEASE\spring-boot-starter-json-2.2.5.RELEASE.jar;G:\apache-maven-3.5.2\repo\com\fasterxml\jackson\core\jackson-databind\2.10.2\jackson-databind-2.10.2.jar;G:\apache-maven-3.5.2\repo\com\fasterxml\jackson\core\jackson-annotations\2.10.2\jackson-annotations-2.10.2.jar;G:\apache-maven-3.5.2\repo\com\fasterxml\jackson\core\jackson-core\2.10.2\jackson-core-2.10.2.jar;G:\apache-maven-3.5.2\repo\com\fasterxml\jackson\datatype\jackson-datatype-jdk8\2.10.2\jackson-datatype-jdk8-2.10.2.jar;G:\apache-maven-3.5.2\repo\com\fasterxml\jackson\datatype\jackson-datatype-jsr310\2.10.2\jackson-datatype-jsr310-2.10.2.jar;G:\apache-maven-3.5.2\repo\com\fasterxml\jackson\module\jackson-module-parameter-names\2.10.2\jackson-module-parameter-names-2.10.2.jar;G:\apache-maven-3.5.2\repo\org\springframework\boot\spring-boot-starter-tomcat\2.2.5.RELEASE\spring-boot-starter-tomcat-2.2.5.RELEASE.jar;G:\apache-maven-3.5.2\repo\org\apache\tomcat\embed\tomcat-embed-core\9.0.31\tomcat-embed-core-9.0.31.jar;G:\apache-maven-3.5.2\repo\org\apache\tomcat\embed\tomcat-embed-el\9.0.31\tomcat-embed-el-9.0.31.jar;G:\apache-maven-3.5.2\repo\org\apache\tomcat\embed\tomcat-embed-websocket\9.0.31\tomcat-embed-websocket-9.0.31.jar;G:\apache-maven-3.5.2\repo\org\springframework\boot\spring-boot-starter-validation\2.2.5.RELEASE\spring-boot-starter-validation-2.2.5.RELEASE.jar;G:\apache-maven-3.5.2\repo\jakarta\validation\jakarta.validation-api\2.0.2\jakarta.validation-api-2.0.2.jar;G:\apache-maven-3.5.2\repo\org\hibernate\validator\hibernate-validator\6.0.18.Final\hibernate-validator-6.0.18.Final.jar;G:\apache-maven-3.5.2\repo\org\jboss\logging\jboss-logging\3.4.1.Final\jboss-logging-3.4.1.Final.jar;G:\apache-maven-3.5.2\repo\com\fasterxml\classmate\1.5.1\classmate-1.5.1.jar;G:\apache-maven-3.5.2\repo\org\springframework\spring-web\5.2.4.RELEASE\spring-web-5.2.4.RELEASE.jar;G:\apache-maven-3.5.2\repo\org\springframework\spring-beans\5.2.4.RELEASE\spring-beans-5.2.4.RELEASE.jar;G:\apache-maven-3.5.2\repo\org\springframework\spring-webmvc\5.2.4.RELEASE\spring-webmvc-5.2.4.RELEASE.jar;G:\apache-maven-3.5.2\repo\org\springframework\spring-aop\5.2.4.RELEASE\spring-aop-5.2.4.RELEASE.jar;G:\apache-maven-3.5.2\repo\org\springframework\spring-context\5.2.4.RELEASE\spring-context-5.2.4.RELEASE.jar;G:\apache-maven-3.5.2\repo\org\springframework\spring-expression\5.2.4.RELEASE\spring-expression-5.2.4.RELEASE.jar;G:\apache-maven-3.5.2\repo\org\springframework\session\spring-session-core\2.2.1.RELEASE\spring-session-core-2.2.1.RELEASE.jar;G:\apache-maven-3.5.2\repo\org\springframework\spring-jcl\5.2.4.RELEASE\spring-jcl-5.2.4.RELEASE.jar;G:\apache-maven-3.5.2\repo\org\springframework\boot\spring-boot-starter-test\2.2.5.RELEASE\spring-boot-starter-test-2.2.5.RELEASE.jar;G:\apache-maven-3.5.2\repo\org\springframework\boot\spring-boot-test\2.2.5.RELEASE\spring-boot-test-2.2.5.RELEASE.jar;G:\apache-maven-3.5.2\repo\org\springframework\boot\spring-boot-test-autoconfigure\2.2.5.RELEASE\spring-boot-test-autoconfigure-2.2.5.RELEASE.jar;G:\apache-maven-3.5.2\repo\com\jayway\jsonpath\json-path\2.4.0\json-path-2.4.0.jar;G:\apache-maven-3.5.2\repo\net\minidev\json-smart\2.3\json-smart-2.3.jar;G:\apache-maven-3.5.2\repo\net\minidev\accessors-smart\1.2\accessors-smart-1.2.jar;G:\apache-maven-3.5.2\repo\org\ow2\asm\asm\5.0.4\asm-5.0.4.jar;G:\apache-maven-3.5.2\repo\jakarta\xml\bind\jakarta.xml.bind-api\2.3.2\jakarta.xml.bind-api-2.3.2.jar;G:\apache-maven-3.5.2\repo\jakarta\activation\jakarta.activation-api\1.2.2\jakarta.activation-api-1.2.2.jar;G:\apache-maven-3.5.2\repo\org\junit\jupiter\junit-jupiter\5.5.2\junit-jupiter-5.5.2.jar;G:\apache-maven-3.5.2\repo\org\junit\jupiter\junit-jupiter-api\5.5.2\junit-jupiter-api-5.5.2.jar;G:\apache-maven-3.5.2\repo\org\apiguardian\apiguardian-api\1.1.0\apiguardian-api-1.1.0.jar;G:\apache-maven-3.5.2\repo\org\opentest4j\opentest4j\1.2.0\opentest4j-1.2.0.jar;G:\apache-maven-3.5.2\repo\org\junit\platform\junit-platform-commons\1.5.2\junit-platform-commons-1.5.2.jar;G:\apache-maven-3.5.2\repo\org\junit\jupiter\junit-jupiter-params\5.5.2\junit-jupiter-params-5.5.2.jar;G:\apache-maven-3.5.2\repo\org\junit\jupiter\junit-jupiter-engine\5.5.2\junit-jupiter-engine-5.5.2.jar;G:\apache-maven-3.5.2\repo\org\junit\platform\junit-platform-engine\1.5.2\junit-platform-engine-1.5.2.jar;G:\apache-maven-3.5.2\repo\org\mockito\mockito-junit-jupiter\3.1.0\mockito-junit-jupiter-3.1.0.jar;G:\apache-maven-3.5.2\repo\org\assertj\assertj-core\3.13.2\assertj-core-3.13.2.jar;G:\apache-maven-3.5.2\repo\org\hamcrest\hamcrest\2.1\hamcrest-2.1.jar;G:\apache-maven-3.5.2\repo\org\mockito\mockito-core\3.1.0\mockito-core-3.1.0.jar;G:\apache-maven-3.5.2\repo\net\bytebuddy\byte-buddy\1.10.8\byte-buddy-1.10.8.jar;G:\apache-maven-3.5.2\repo\net\bytebuddy\byte-buddy-agent\1.10.8\byte-buddy-agent-1.10.8.jar;G:\apache-maven-3.5.2\repo\org\objenesis\objenesis\2.6\objenesis-2.6.jar;G:\apache-maven-3.5.2\repo\org\skyscreamer\jsonassert\1.5.0\jsonassert-1.5.0.jar;G:\apache-maven-3.5.2\repo\com\vaadin\external\google\android-json\0.0.20131108.vaadin1\android-json-0.0.20131108.vaadin1.jar;G:\apache-maven-3.5.2\repo\org\springframework\spring-core\5.2.4.RELEASE\spring-core-5.2.4.RELEASE.jar;G:\apache-maven-3.5.2\repo\org\springframework\spring-test\5.2.4.RELEASE\spring-test-5.2.4.RELEASE.jar;G:\apache-maven-3.5.2\repo\org\xmlunit\xmlunit-core\2.6.3\xmlunit-core-2.6.3.jar;"/>
    <property name="sun.cpu.endian" value="little"/>
    <property name="user.home" value="C:\Users\lenovo"/>
    <property name="user.language" value="zh"/>
    <property name="java.specification.vendor" value="Oracle Corporation"/>
    <property name="java.home" value="C:\Program Files\Java\jdk1.8.0\jre"/>
    <property name="basedir" value="G:\project\demo"/>
    <property name="file.separator" value="\"/>
    <property name="line.separator" value="&#10;"/>
    <property name="java.vm.specification.vendor" value="Oracle Corporation"/>
    <property name="java.specification.name" value="Java Platform API Specification"/>
    <property name="java.awt.graphicsenv" value="sun.awt.Win32GraphicsEnvironment"/>
    <property name="surefire.real.class.path" value="C:\Users\lenovo\AppData\Local\Temp\surefire5919372173627246453\surefirebooter7068400152406971583.jar"/>
    <property name="sun.boot.class.path" value="C:\Program Files\Java\jdk1.8.0\jre\lib\resources.jar;C:\Program Files\Java\jdk1.8.0\jre\lib\rt.jar;C:\Program Files\Java\jdk1.8.0\jre\lib\sunrsasign.jar;C:\Program Files\Java\jdk1.8.0\jre\lib\jsse.jar;C:\Program Files\Java\jdk1.8.0\jre\lib\jce.jar;C:\Program Files\Java\jdk1.8.0\jre\lib\charsets.jar;C:\Program Files\Java\jdk1.8.0\jre\lib\jfr.jar;C:\Program Files\Java\jdk1.8.0\jre\classes"/>
    <property name="user.script" value=""/>
    <property name="sun.management.compiler" value="HotSpot 64-Bit Tiered Compilers"/>
    <property name="java.runtime.version" value="1.8.0-b132"/>
    <property name="user.name" value="lenovo"/>
    <property name="path.separator" value=";"/>
    <property name="os.version" value="6.3"/>
    <property name="java.endorsed.dirs" value="C:\Program Files\Java\jdk1.8.0\jre\lib\endorsed"/>
    <property name="java.runtime.name" value="Java(TM) SE Runtime Environment"/>
    <property name="file.encoding" value="GBK"/>
    <property name="java.vm.name" value="Java HotSpot(TM) 64-Bit Server VM"/>
    <property name="localRepository" value="G:\apache-maven-3.5.2\repo"/>
    <property name="java.vendor.url.bug" value="http://bugreport.sun.com/bugreport/"/>
    <property name="java.io.tmpdir" value="C:\Users\lenovo\AppData\Local\Temp\"/>
    <property name="java.version" value="1.8.0"/>
    <property name="user.dir" value="G:\project\demo"/>
    <property name="os.arch" value="amd64"/>
    <property name="java.vm.specification.name" value="Java Virtual Machine Specification"/>
    <property name="java.awt.printerjob" value="sun.awt.windows.WPrinterJob"/>
    <property name="sun.os.patch.level" value=""/>
    <property name="idea.version2019.3.3" value="true"/>
    <property name="java.library.path" value="C:\Program Files\Java\jdk1.8.0\jre\bin;C:\WINDOWS\Sun\Java\bin;C:\WINDOWS\system32;C:\WINDOWS;G:\xhesll\;G:\;C:\WINDOWS\system32;C:\WINDOWS;C:\WINDOWS\System32\Wbem;C:\WINDOWS\System32\WindowsPowerShell\v1.0\;C:\WINDOWS\System32\OpenSSH\;C:\Program Files\Java\jdk1.8.0\bin;C:\Program Files\Java\jre8\bin;G:\tortoiseGit\bin;G:\Git\cmd;G:\apache-maven-3.5.2\bin;C:\Users\lenovo\AppData\Local\Microsoft\WindowsApps;;G:\idea\IntelliJ IDEA 2019.3.3\bin;;."/>
    <property name="java.vm.info" value="mixed mode"/>
    <property name="java.vendor" value="Oracle Corporation"/>
    <property name="java.vm.version" value="25.0-b70"/>
    <property name="java.ext.dirs" value="C:\Program Files\Java\jdk1.8.0\jre\lib\ext;C:\WINDOWS\Sun\Java\lib\ext"/>
    <property name="sun.io.unicode.encoding" value="UnicodeLittle"/>
    <property name="maven.repo.local" value="G:\apache-maven-3.5.2\repo"/>
    <property name="java.class.version" value="52.0"/>
  </properties>
  <testcase name="contextLoads" classname="com.example.demo.DemoApplicationTests" time="0.302"/>
</testsuite>